This is pdfeTeX, Version 3.141592-1.21a-2.2 (Web2C 7.5.4) (format=latex 2007.2.19)  21 FEB 2007 19:12
entering extended mode
**_formulas.tex
(./_formulas.tex
LaTeX2e <2003/12/01>
Babel <v3.8d> and hyphenation patterns for american, french, german, ngerman, b
ahasa, basque, bulgarian, catalan, croatian, czech, danish, dutch, esperanto, e
stonian, finnish, greek, icelandic, irish, italian, latin, magyar, norsk, polis
h, portuges, romanian, russian, serbian, slovak, slovene, spanish, swedish, tur
kish, ukrainian, nohyphenation, loaded.
(/usr/share/texmf-tetex/tex/latex/base/article.cls
Document Class: article 2004/02/16 v1.4f Standard LaTeX document class
(/usr/share/texmf-tetex/tex/latex/base/size10.clo
File: size10.clo 2004/02/16 v1.4f Standard LaTeX file (size option)
)
\c@part=\count79
\c@section=\count80
\c@subsection=\count81
\c@subsubsection=\count82
\c@paragraph=\count83
\c@subparagraph=\count84
\c@figure=\count85
\c@table=\count86
\abovecaptionskip=\skip41
\belowcaptionskip=\skip42
\bibindent=\dimen102
)
(/usr/share/texmf-tetex/tex/latex/graphics/epsfig.sty
Package: epsfig 1999/02/16 v1.7a (e)psfig emulation (SPQR)

(/usr/share/texmf-tetex/tex/latex/graphics/graphicx.sty
Package: graphicx 1999/02/16 v1.0f Enhanced LaTeX Graphics (DPC,SPQR)

(/usr/share/texmf-tetex/tex/latex/graphics/keyval.sty
Package: keyval 1999/03/16 v1.13 key=value parser (DPC)
\KV@toks@=\toks14
)
(/usr/share/texmf-tetex/tex/latex/graphics/graphics.sty
Package: graphics 2001/07/07 v1.0n Standard LaTeX Graphics (DPC,SPQR)

(/usr/share/texmf-tetex/tex/latex/graphics/trig.sty
Package: trig 1999/03/16 v1.09 sin cos tan (DPC)
)
(/usr/share/texmf-tetex/tex/latex/graphics/graphics.cfg
File: graphics.cfg 2005/02/03 v1.3 graphics configuration of teTeX/TeXLive
)
Package graphics Info: Driver file: dvips.def on input line 80.

(/usr/share/texmf-tetex/tex/latex/graphics/dvips.def
File: dvips.def 1999/02/16 v3.0i Driver-dependant file (DPC,SPQR)
))
\Gin@req@height=\dimen103
\Gin@req@width=\dimen104
)
\epsfxsize=\dimen105
\epsfysize=\dimen106
)
No file _formulas.aux.
\openout1 = `_formulas.aux'.

LaTeX Font Info:    Checking defaults for OML/cmm/m/it on input line 4.
LaTeX Font Info:    ... okay on input line 4.
LaTeX Font Info:    Checking defaults for T1/cmr/m/n on input line 4.
LaTeX Font Info:    ... okay on input line 4.
LaTeX Font Info:    Checking defaults for OT1/cmr/m/n on input line 4.
LaTeX Font Info:    ... okay on input line 4.
LaTeX Font Info:    Checking defaults for OMS/cmsy/m/n on input line 4.
LaTeX Font Info:    ... okay on input line 4.
LaTeX Font Info:    Checking defaults for OMX/cmex/m/n on input line 4.
LaTeX Font Info:    ... okay on input line 4.
LaTeX Font Info:    Checking defaults for U/cmr/m/n on input line 4.
LaTeX Font Info:    ... okay on input line 4.
LaTeX Font Info:    External font `cmex10' loaded for size
(Font)              <7> on input line 5.
LaTeX Font Info:    External font `cmex10' loaded for size
(Font)              <5> on input line 5.
[1

] [2] [3]
! Missing $ inserted.
<inserted text> 
                $
l.16 
     
? 
[4] [5] [6] [7] [8] [9] [10] [11] [12]
! Misplaced alignment tab character &.
l.41 ...\equiv \left[ \begin{matrix} cos \; \phi &
                                                   sin \; \phi & 0 \\ -sin \...

? 
! Misplaced alignment tab character &.
l.41 ...\begin{matrix} cos \; \phi & sin \; \phi &
                                                   0 \\ -sin \; \phi & cos \...

? 
! Misplaced alignment tab character &.
l.41 ...; \phi & sin \; \phi & 0 \\ -sin \; \phi &
                                                   cos \; \phi & 0 \\ 0 & 0 ...

? 
! Misplaced alignment tab character &.
l.41 ...; \phi & 0 \\ -sin \; \phi & cos \; \phi &
                                                   0 \\ 0 & 0 & 1 \\ \end{ma...

? 
! Misplaced alignment tab character &.
l.41 ...0 \\ -sin \; \phi & cos \; \phi & 0 \\ 0 &
                                                   0 & 1 \\ \end{matrix} \ri...

? 
! Misplaced alignment tab character &.
l.41 ... -sin \; \phi & cos \; \phi & 0 \\ 0 & 0 &
                                                   1 \\ \end{matrix} \right] $
? 
[13]
! Misplaced alignment tab character &.
l.44 ...quiv \left[ \begin{matrix} cos \; \theta &
                                                   0 & -sin \; \theta \\ 0 &...

? 
! Misplaced alignment tab character &.
l.44 ... \left[ \begin{matrix} cos \; \theta & 0 &
                                                   -sin \; \theta \\ 0 & 1 &...

? 
! Misplaced alignment tab character &.
l.44 ... cos \; \theta & 0 & -sin \; \theta \\ 0 &
                                                   1 & 0 \\ sin \; \theta & ...

? 
! Misplaced alignment tab character &.
l.44 ... \; \theta & 0 & -sin \; \theta \\ 0 & 1 &
                                                   0 \\ sin \; \theta & 0 & ...

? 
! Misplaced alignment tab character &.
l.44 ... \; \theta \\ 0 & 1 & 0 \\ sin \; \theta &
                                                   0 & cos \; \theta \\ \end...

? 
! Misplaced alignment tab character &.
l.44 ...\theta \\ 0 & 1 & 0 \\ sin \; \theta & 0 &
                                                   cos \; \theta \\ \end{mat...

? 
[14]
! Misplaced alignment tab character &.
l.47 $ {\bf B} \equiv \left[ \begin{matrix} 1 &
                                                0 & 0 \\ 0 & cos \; \psi & s...

? 
! Misplaced alignment tab character &.
l.47 ...bf B} \equiv \left[ \begin{matrix} 1 & 0 &
                                                   0 \\ 0 & cos \; \psi & si...

? 
! Misplaced alignment tab character &.
l.47 ...uiv \left[ \begin{matrix} 1 & 0 & 0 \\ 0 &
                                                   cos \; \psi & sin \; \psi...

? 
! Misplaced alignment tab character &.
l.47 ...gin{matrix} 1 & 0 & 0 \\ 0 & cos \; \psi &
                                                   sin \; \psi \\ 0 & -sin \...

? 
! Misplaced alignment tab character &.
l.47 ... 0 \\ 0 & cos \; \psi & sin \; \psi \\ 0 &
                                                   -sin \; \psi & cos \; \ps...

? 
! Misplaced alignment tab character &.
l.47 ...; \psi & sin \; \psi \\ 0 & -sin \; \psi &
                                                   cos \; \psi \\ \end{matri...

? 
[15] [16] [17] [18] [19] [20]
! Misplaced alignment tab character &.
l.65 $ R= \left[ \begin{matrix} r_{0} &
                                        r_{1} & r_{2} & r_{3} \\ r_{4} & r_{...

? 
! Misplaced alignment tab character &.
l.65 $ R= \left[ \begin{matrix} r_{0} & r_{1} &
                                                r_{2} & r_{3} \\ r_{4} & r_{...

? 
! Misplaced alignment tab character &.
l.65 ...ft[ \begin{matrix} r_{0} & r_{1} & r_{2} &
                                                   r_{3} \\ r_{4} & r_{5} & ...

? 
! Misplaced alignment tab character &.
l.65 ...} r_{0} & r_{1} & r_{2} & r_{3} \\ r_{4} &
                                                   r_{5} & r_{6} & r_{7} \\ ...

? 
! Misplaced alignment tab character &.
l.65 ...& r_{1} & r_{2} & r_{3} \\ r_{4} & r_{5} &
                                                   r_{6} & r_{7} \\ r_{8} & ...

? 
! Misplaced alignment tab character &.
l.65 ...& r_{2} & r_{3} \\ r_{4} & r_{5} & r_{6} &
                                                   r_{7} \\ r_{8} & r_{9} & ...

? 
! Misplaced alignment tab character &.
l.65 ...\ r_{4} & r_{5} & r_{6} & r_{7} \\ r_{8} &
                                                   r_{9} & r_{10} & r_{11} \...

? 
! Misplaced alignment tab character &.
l.65 ...& r_{5} & r_{6} & r_{7} \\ r_{8} & r_{9} &
                                                   r_{10} & r_{11} \\ r_{12}...

? 
! Misplaced alignment tab character &.
l.65 ... r_{6} & r_{7} \\ r_{8} & r_{9} & r_{10} &
                                                   r_{11} \\ r_{12} & r_{13}...

? 
! Misplaced alignment tab character &.
l.65 ..._{8} & r_{9} & r_{10} & r_{11} \\ r_{12} &
                                                   r_{13} & r_{14} & r_{15} ...

? 
! Misplaced alignment tab character &.
l.65 ...{9} & r_{10} & r_{11} \\ r_{12} & r_{13} &
                                                   r_{14} & r_{15} \\ \end{m...

? 
! Misplaced alignment tab character &.
l.65 ...10} & r_{11} \\ r_{12} & r_{13} & r_{14} &
                                                   r_{15} \\ \end{matrix} \r...

? 
[21] [22] [23] [24] [25] [26] [27] [28] [29] [30] [31] [32] [33]
(./_formulas.aux) ) 
Here is how much of TeX's memory you used:
 542 strings out of 94501
 6422 string characters out of 1175794
 53358 words of memory out of 1000000
 3774 multiletter control sequences out of 10000+50000
 4567 words of font info for 17 fonts, out of 500000 for 2000
 580 hyphenation exceptions out of 8191
 32i,11n,21p,218b,102s stack positions out of 1500i,500n,5000p,200000b,5000s

Output written on _formulas.dvi (33 pages, 4520 bytes).
